<?xml version="1.0" encoding="UTF-8"?>
<!-- Generated by org.testng.reporters.JUnitReportReporter -->
<testsuite hostname="LAPTOP-TU3TK1JK" failures="0" tests="2" name="Enablefalse.Testng5" time="0.013" errors="0" timestamp="2022-11-14T12:45:01 IST" skipped="1">
  <testcase classname="Enablefalse.Testng5" name="userReg" time="0.013"/>
  <system-out/>
  <testcase classname="Enablefalse.Testng5" name="userLogin">
    <skipped/>
  </testcase> <!-- userLogin -->
  <system-out/>
</testsuite> <!-- Enablefalse.Testng5 -->
