<?xml version="1.0" encoding="UTF-8"?>
<!-- Generated by org.testng.reporters.JUnitReportReporter -->
<testsuite hostname="LAPTOP-TU3TK1JK" failures="0" tests="2" name="dependencymethod.Testng4" time="0.011" errors="0" timestamp="2022-11-14T12:06:23 IST" skipped="0">
  <testcase classname="dependencymethod.Testng4" name="userReg" time="0.010"/>
  <system-out/>
  <testcase classname="dependencymethod.Testng4" name="userLogin" time="0.001"/>
  <system-out/>
</testsuite> <!-- dependencymethod.Testng4 -->
