<?xml version="1.0" encoding="UTF-8"?>
<!-- Generated by org.testng.reporters.JUnitReportReporter -->
<testsuite hostname="LAPTOP-TU3TK1JK" failures="0" tests="2" name="demo1.Testng2" time="0.007" errors="0" timestamp="2022-11-11T16:54:38 IST" skipped="0">
  <testcase classname="demo1.Testng2" name="frnd" time="0.004"/>
  <system-out/>
  <testcase classname="demo1.Testng2" name="students" time="0.003"/>
  <system-out/>
</testsuite> <!-- demo1.Testng2 -->
