<?xml version="1.0" encoding="UTF-8"?>
<!-- Generated by org.testng.reporters.JUnitReportReporter -->
<testsuite hostname="LAPTOP-TU3TK1JK" failures="0" tests="3" name="dataprovider.Concatex" time="0.007" errors="0" timestamp="2022-11-14T13:06:32 IST" skipped="0">
  <testcase classname="dataprovider.Concatex" name="concateStrings" time="0.001"/>
  <system-out/>
  <testcase classname="dataprovider.Concatex" name="concateStrings" time="0.005"/>
  <system-out/>
  <testcase classname="dataprovider.Concatex" name="concateStrings" time="0.001"/>
  <system-out/>
</testsuite> <!-- dataprovider.Concatex -->
