<?xml version="1.0" encoding="UTF-8"?>
<!-- Generated by org.testng.reporters.JUnitReportReporter -->
<testsuite hostname="LAPTOP-TU3TK1JK" failures="0" tests="3" name="dataprovider.Dataproviderorh" time="57.032" errors="0" timestamp="2022-11-14T14:49:47 IST" skipped="0">
  <testcase classname="dataprovider.Dataproviderorh" name="userLogin" time="19.165"/>
  <system-out/>
  <testcase classname="dataprovider.Dataproviderorh" name="userLogin" time="20.137"/>
  <system-out/>
  <testcase classname="dataprovider.Dataproviderorh" name="userLogin" time="17.730"/>
  <system-out/>
</testsuite> <!-- dataprovider.Dataproviderorh -->
