<?xml version="1.0" encoding="UTF-8"?>
<!-- Generated by org.testng.reporters.JUnitReportReporter -->
<testsuite hostname="LAPTOP-TU3TK1JK" failures="0" tests="1" name="crossbrowsing.Sample" time="10.402" errors="0" timestamp="2022-11-15T12:50:29 IST" skipped="0">
  <testcase classname="crossbrowsing.Sample" name="te" time="10.402"/>
  <system-out/>
</testsuite> <!-- crossbrowsing.Sample -->
