<?xml version="1.0" encoding="UTF-8"?>
<!-- Generated by org.testng.reporters.JUnitReportReporter -->
<testsuite hostname="LAPTOP-TU3TK1JK" failures="0" tests="1" name="parameter.Demo" time="16.321" errors="0" timestamp="2022-11-14T15:21:55 IST" skipped="0">
  <testcase classname="parameter.Demo" name="userLogin" time="16.321"/>
  <system-out>
    <![CDATA[Successful Login operation]]>
  </system-out>
</testsuite> <!-- parameter.Demo -->
