<?xml version="1.0" encoding="UTF-8"?>
<!-- Generated by org.testng.reporters.JUnitReportReporter -->
<testsuite hostname="LAPTOP-TU3TK1JK" failures="0" tests="2" name="demo1.Testng1" time="0.013" errors="0" timestamp="2022-11-11T16:57:08 IST" skipped="0">
  <testcase classname="demo1.Testng1" name="userReg" time="0.012"/>
  <system-out/>
  <testcase classname="demo1.Testng1" name="userLogin" time="0.001"/>
  <system-out/>
</testsuite> <!-- demo1.Testng1 -->
